#
# There is insufficient memory for the Java Runtime Environment to continue.
# Native memory allocation (malloc) failed to allocate 736336 bytes for Chunk::new
# Possible reasons:
#   The system is out of physical RAM or swap space
#   In 32 bit mode, the process size limit was hit
# Possible solutions:
#   Reduce memory load on the system
#   Increase physical memory or swap space
#   Check if swap backing store is full
#   Use 64 bit Java on a 64 bit OS
#   Decrease Java heap size (-Xmx/-Xms)
#   Decrease number of Java threads
#   Decrease Java thread stack sizes (-Xss)
#   Set larger code cache with -XX:ReservedCodeCacheSize=
# This output file may be truncated or incomplete.
#
#  Out of Memory Error (allocation.cpp:390), pid=1512, tid=0x00000000000010a8
#
# JRE version: Java(TM) SE Runtime Environment (8.0_131-b11) (build 1.8.0_131-b11)
# Java VM: Java HotSpot(TM) 64-Bit Server VM (25.131-b11 mixed mode windows-amd64 compressed oops)
# Failed to write core dump. Minidumps are not enabled by default on client versions of Windows
#

---------------  T H R E A D  ---------------

Current thread (0x0000000015476800):  JavaThread "C2 CompilerThread1" daemon [_thread_in_native, id=4264, stack(0x0000000016bc0000,0x0000000016cc0000)]

Stack: [0x0000000016bc0000,0x0000000016cc0000]
[error occurred during error reporting (printing stack bounds), id 0xc0000005]

Native frames: (J=compiled Java code, j=interpreted, Vv=VM code, C=native code)


Current CompileTask:
C2:   7606 1897   !   4       com.android.dx.cf.code.RopperMachine::run (1550 bytes)


---------------  P R O C E S S  ---------------

Java Threads: ( => current thread )
  0x0000000017126000 JavaThread "pool-1-thread-4" [_thread_in_Java, id=5664, stack(0x00000000177c0000,0x00000000178c0000)]
  0x0000000017125000 JavaThread "pool-1-thread-3" [_thread_blocked, id=7004, stack(0x00000000176c0000,0x00000000177c0000)]
  0x0000000017124800 JavaThread "pool-1-thread-2" [_thread_in_Java, id=10476, stack(0x00000000175c0000,0x00000000176c0000)]
  0x000000001711f800 JavaThread "pool-2-thread-1" [_thread_blocked, id=10372, stack(0x00000000174c0000,0x00000000175c0000)]
  0x000000001711e800 JavaThread "pool-1-thread-1" [_thread_blocked, id=8964, stack(0x00000000173c0000,0x00000000174c0000)]
  0x0000000016dc1800 JavaThread "Service Thread" daemon [_thread_blocked, id=3360, stack(0x00000000171c0000,0x00000000172c0000)]
  0x00000000154cd000 JavaThread "C1 CompilerThread2" daemon [_thread_blocked, id=6136, stack(0x0000000016cc0000,0x0000000016dc0000)]
=>0x0000000015476800 JavaThread "C2 CompilerThread1" daemon [_thread_in_native, id=4264, stack(0x0000000016bc0000,0x0000000016cc0000)]
  0x0000000015473800 JavaThread "C2 CompilerThread0" daemon [_thread_in_native, id=10344, stack(0x0000000016ac0000,0x0000000016bc0000)]
  0x0000000015471800 JavaThread "Attach Listener" daemon [_thread_blocked, id=7024, stack(0x00000000169c0000,0x0000000016ac0000)]
  0x0000000015470800 JavaThread "Signal Dispatcher" daemon [_thread_blocked, id=5332, stack(0x00000000168c0000,0x00000000169c0000)]
  0x000000001545a000 JavaThread "Finalizer" daemon [_thread_blocked, id=5196, stack(0x00000000166d0000,0x00000000167d0000)]
  0x0000000015439000 JavaThread "Reference Handler" daemon [_thread_blocked, id=8712, stack(0x00000000165d0000,0x00000000166d0000)]
  0x00000000029dd800 JavaThread "main" [_thread_in_Java, id=7472, stack(0x0000000002ba0000,0x0000000002ca0000)]

Other Threads:
  0x0000000015437000 VMThread [stack: 0x00000000164d0000,0x00000000165d0000] [id=4948]
  0x0000000016dc9800 WatcherThread [stack: 0x00000000172c0000,0x00000000173c0000] [id=6864]

VM state:not at safepoint (normal execution)

VM Mutex/Monitor currently owned by a thread: None

Heap:
 PSYoungGen      total 143872K, used 35296K [0x00000000eab00000, 0x00000000fd900000, 0x0000000100000000)
  eden space 128512K, 19% used [0x00000000eab00000,0x00000000ec382a58,0x00000000f2880000)
  from space 15360K, 66% used [0x00000000f2880000,0x00000000f3275750,0x00000000f3780000)
  to   space 26112K, 0% used [0x00000000fbf80000,0x00000000fbf80000,0x00000000fd900000)
 ParOldGen       total 44032K, used 43941K [0x00000000c0000000, 0x00000000c2b00000, 0x00000000eab00000)
  object space 44032K, 99% used [0x00000000c0000000,0x00000000c2ae95a8,0x00000000c2b00000)
 Metaspace       used 6460K, capacity 7256K, committed 7424K, reserved 1056768K
  class space    used 629K, capacity 656K, committed 768K, reserved 1048576K

Card table byte_map: [0x0000000012160000,0x0000000012370000] byte_map_base: 0x0000000011b60000

Marking Bits: (ParMarkBitMap*) 0x000000006d9fc720
 Begin Bits: [0x00000000128d0000, 0x00000000138d0000)
 End Bits:   [0x00000000138d0000, 0x00000000148d0000)

Polling page: 0x0000000001070000

CodeCache: size=245760Kb used=8440Kb max_used=8476Kb free=237320Kb
 bounds [0x0000000002da0000, 0x0000000003600000, 0x0000000011da0000]
 total_blobs=2198 nmethods=1934 adapters=176
 compilation: enabled

Compilation events (10 events):
Event: 7.541 Thread 0x0000000015473800 nmethod 1986 0x00000000035c1f10 code [0x00000000035c20a0, 0x00000000035c2608]
Event: 7.541 Thread 0x0000000015473800 1873       4       com.android.dx.cf.code.ValueAwareMachine::run (1142 bytes)
Event: 7.567 Thread 0x00000000154cd000 1991       2       com.android.dx.rop.code.SwitchInsn::withNewRegisters (22 bytes)
Event: 7.568 Thread 0x00000000154cd000 nmethod 1991 0x00000000035c98d0 code [0x00000000035c9a40, 0x00000000035c9c28]
Event: 7.572 Thread 0x00000000154cd000 1992       1       java.util.TreeMap$Entry::getKey (5 bytes)
Event: 7.572 Thread 0x00000000154cd000 nmethod 1992 0x00000000035c1210 code [0x00000000035c1360, 0x00000000035c1470]
Event: 7.578 Thread 0x00000000154cd000 1993       1       com.android.dx.rop.code.Insn$BaseVisitor::visitThrowingInsn (1 bytes)
Event: 7.578 Thread 0x00000000154cd000 nmethod 1993 0x00000000035c0e90 code [0x00000000035c0fe0, 0x00000000035c10f0]
Event: 7.589 Thread 0x00000000154cd000 1994       2       com.android.dx.util.BitIntSet::elements (8 bytes)
Event: 7.589 Thread 0x00000000154cd000 nmethod 1994 0x00000000035cc110 code [0x00000000035cc280, 0x00000000035cc488]

GC Heap History (10 events):
Event: 4.537 GC heap before
{Heap before GC invocations=4 (full 0):
 PSYoungGen      total 35328K, used 35299K [0x00000000eab00000, 0x00000000ef000000, 0x0000000100000000)
  eden space 32768K, 100% used [0x00000000eab00000,0x00000000ecb00000,0x00000000ecb00000)
  from space 2560K, 98% used [0x00000000ecb00000,0x00000000ecd78e50,0x00000000ecd80000)
  to   space 2560K, 0% used [0x00000000eed80000,0x00000000eed80000,0x00000000ef000000)
 ParOldGen       total 44032K, used 10905K [0x00000000c0000000, 0x00000000c2b00000, 0x00000000eab00000)
  object space 44032K, 24% used [0x00000000c0000000,0x00000000c0aa6780,0x00000000c2b00000)
 Metaspace       used 6246K, capacity 7158K, committed 7296K, reserved 1056768K
  class space    used 609K, capacity 622K, committed 640K, reserved 1048576K
Event: 4.592 GC heap after
Heap after GC invocations=4 (full 0):
 PSYoungGen      total 68096K, used 2532K [0x00000000eab00000, 0x00000000ef000000, 0x0000000100000000)
  eden space 65536K, 0% used [0x00000000eab00000,0x00000000eab00000,0x00000000eeb00000)
  from space 2560K, 98% used [0x00000000eed80000,0x00000000eeff9138,0x00000000ef000000)
  to   space 2560K, 0% used [0x00000000eeb00000,0x00000000eeb00000,0x00000000eed80000)
 ParOldGen       total 44032K, used 16160K [0x00000000c0000000, 0x00000000c2b00000, 0x00000000eab00000)
  object space 44032K, 36% used [0x00000000c0000000,0x00000000c0fc81e8,0x00000000c2b00000)
 Metaspace       used 6246K, capacity 7158K, committed 7296K, reserved 1056768K
  class space    used 609K, capacity 622K, committed 640K, reserved 1048576K
}
Event: 5.274 GC heap before
{Heap before GC invocations=5 (full 0):
 PSYoungGen      total 68096K, used 68068K [0x00000000eab00000, 0x00000000ef000000, 0x0000000100000000)
  eden space 65536K, 100% used [0x00000000eab00000,0x00000000eeb00000,0x00000000eeb00000)
  from space 2560K, 98% used [0x00000000eed80000,0x00000000eeff9138,0x00000000ef000000)
  to   space 2560K, 0% used [0x00000000eeb00000,0x00000000eeb00000,0x00000000eed80000)
 ParOldGen       total 44032K, used 16160K [0x00000000c0000000, 0x00000000c2b00000, 0x00000000eab00000)
  object space 44032K, 36% used [0x00000000c0000000,0x00000000c0fc81e8,0x00000000c2b00000)
 Metaspace       used 6405K, capacity 7192K, committed 7424K, reserved 1056768K
  class space    used 628K, capacity 656K, committed 768K, reserved 1048576K
Event: 5.316 GC heap after
Heap after GC invocations=5 (full 0):
 PSYoungGen      total 68096K, used 2559K [0x00000000eab00000, 0x00000000f4400000, 0x0000000100000000)
  eden space 65536K, 0% used [0x00000000eab00000,0x00000000eab00000,0x00000000eeb00000)
  from space 2560K, 99% used [0x00000000eeb00000,0x00000000eed7fc88,0x00000000eed80000)
  to   space 12800K, 0% used [0x00000000f3780000,0x00000000f3780000,0x00000000f4400000)
 ParOldGen       total 44032K, used 26219K [0x00000000c0000000, 0x00000000c2b00000, 0x00000000eab00000)
  object space 44032K, 59% used [0x00000000c0000000,0x00000000c199ae80,0x00000000c2b00000)
 Metaspace       used 6405K, capacity 7192K, committed 7424K, reserved 1056768K
  class space    used 628K, capacity 656K, committed 768K, reserved 1048576K
}
Event: 5.695 GC heap before
{Heap before GC invocations=6 (full 0):
 PSYoungGen      total 68096K, used 68095K [0x00000000eab00000, 0x00000000f4400000, 0x0000000100000000)
  eden space 65536K, 100% used [0x00000000eab00000,0x00000000eeb00000,0x00000000eeb00000)
  from space 2560K, 99% used [0x00000000eeb00000,0x00000000eed7fc88,0x00000000eed80000)
  to   space 12800K, 0% used [0x00000000f3780000,0x00000000f3780000,0x00000000f4400000)
 ParOldGen       total 44032K, used 26219K [0x00000000c0000000, 0x00000000c2b00000, 0x00000000eab00000)
  object space 44032K, 59% used [0x00000000c0000000,0x00000000c199ae80,0x00000000c2b00000)
 Metaspace       used 6431K, capacity 7256K, committed 7424K, reserved 1056768K
  class space    used 628K, capacity 656K, committed 768K, reserved 1048576K
Event: 5.752 GC heap after
Heap after GC invocations=6 (full 0):
 PSYoungGen      total 141312K, used 12768K [0x00000000eab00000, 0x00000000f4900000, 0x0000000100000000)
  eden space 128512K, 0% used [0x00000000eab00000,0x00000000eab00000,0x00000000f2880000)
  from space 12800K, 99% used [0x00000000f3780000,0x00000000f43f8218,0x00000000f4400000)
  to   space 15360K, 0% used [0x00000000f2880000,0x00000000f2880000,0x00000000f3780000)
 ParOldGen       total 44032K, used 27196K [0x00000000c0000000, 0x00000000c2b00000, 0x00000000eab00000)
  object space 44032K, 61% used [0x00000000c0000000,0x00000000c1a8f040,0x00000000c2b00000)
 Metaspace       used 6431K, capacity 7256K, committed 7424K, reserved 1056768K
  class space    used 628K, capacity 656K, committed 768K, reserved 1048576K
}
Event: 6.510 GC heap before
{Heap before GC invocations=7 (full 0):
 PSYoungGen      total 141312K, used 141280K [0x00000000eab00000, 0x00000000f4900000, 0x0000000100000000)
  eden space 128512K, 100% used [0x00000000eab00000,0x00000000f2880000,0x00000000f2880000)
  from space 12800K, 99% used [0x00000000f3780000,0x00000000f43f8218,0x00000000f4400000)
  to   space 15360K, 0% used [0x00000000f2880000,0x00000000f2880000,0x00000000f3780000)
 ParOldGen       total 44032K, used 27196K [0x00000000c0000000, 0x00000000c2b00000, 0x00000000eab00000)
  object space 44032K, 61% used [0x00000000c0000000,0x00000000c1a8f040,0x00000000c2b00000)
 Metaspace       used 6456K, capacity 7256K, committed 7424K, reserved 1056768K
  class space    used 629K, capacity 656K, committed 768K, reserved 1048576K
Event: 6.594 GC heap after
Heap after GC invocations=7 (full 0):
 PSYoungGen      total 143872K, used 15349K [0x00000000eab00000, 0x00000000fd900000, 0x0000000100000000)
  eden space 128512K, 0% used [0x00000000eab00000,0x00000000eab00000,0x00000000f2880000)
  from space 15360K, 99% used [0x00000000f2880000,0x00000000f377d7f8,0x00000000f3780000)
  to   space 26112K, 0% used [0x00000000fbf80000,0x00000000fbf80000,0x00000000fd900000)
 ParOldGen       total 44032K, used 43765K [0x00000000c0000000, 0x00000000c2b00000, 0x00000000eab00000)
  object space 44032K, 99% used [0x00000000c0000000,0x00000000c2abd518,0x00000000c2b00000)
 Metaspace       used 6456K, capacity 7256K, committed 7424K, reserved 1056768K
  class space    used 629K, capacity 656K, committed 768K, reserved 1048576K
}
Event: 6.594 GC heap before
{Heap before GC invocations=8 (full 1):
 PSYoungGen      total 143872K, used 15349K [0x00000000eab00000, 0x00000000fd900000, 0x0000000100000000)
  eden space 128512K, 0% used [0x00000000eab00000,0x00000000eab00000,0x00000000f2880000)
  from space 15360K, 99% used [0x00000000f2880000,0x00000000f377d7f8,0x00000000f3780000)
  to   space 26112K, 0% used [0x00000000fbf80000,0x00000000fbf80000,0x00000000fd900000)
 ParOldGen       total 44032K, used 43765K [0x00000000c0000000, 0x00000000c2b00000, 0x00000000eab00000)
  object space 44032K, 99% used [0x00000000c0000000,0x00000000c2abd518,0x00000000c2b00000)
 Metaspace       used 6456K, capacity 7256K, committed 7424K, reserved 1056768K
  class space    used 629K, capacity 656K, committed 768K, reserved 1048576K
Event: 7.510 GC heap after
Heap after GC invocations=8 (full 1):
 PSYoungGen      total 143872K, used 10197K [0x00000000eab00000, 0x00000000fd900000, 0x0000000100000000)
  eden space 128512K, 0% used [0x00000000eab00000,0x00000000eab00000,0x00000000f2880000)
  from space 15360K, 66% used [0x00000000f2880000,0x00000000f3275750,0x00000000f3780000)
  to   space 26112K, 0% used [0x00000000fbf80000,0x00000000fbf80000,0x00000000fd900000)
 ParOldGen       total 44032K, used 43941K [0x00000000c0000000, 0x00000000c2b00000, 0x00000000eab00000)
  object space 44032K, 99% used [0x00000000c0000000,0x00000000c2ae95a8,0x00000000c2b00000)
 Metaspace       used 6456K, capacity 7256K, committed 7424K, reserved 1056768K
  class space    used 629K, capacity 656K, committed 768K, reserved 1048576K
}

Deoptimization events (10 events):
Event: 5.013 Thread 0x0000000017126000 Uncommon trap: reason=bimorphic action=maybe_recompile pc=0x0000000002fb7318 method=java.util.HashMap.getNode(ILjava/lang/Object;)Ljava/util/HashMap$Node; @ 126
Event: 5.068 Thread 0x00000000029dd800 Uncommon trap: reason=unstable_if action=reinterpret pc=0x0000000003003dd0 method=java.lang.String.<init>([CII)V @ 18
Event: 5.070 Thread 0x0000000017125000 Uncommon trap: reason=unstable_if action=reinterpret pc=0x0000000003105184 method=java.util.HashMap.putVal(ILjava/lang/Object;Ljava/lang/Object;ZZ)Ljava/lang/Object; @ 162
Event: 5.388 Thread 0x00000000029dd800 Uncommon trap: reason=unstable_if action=reinterpret pc=0x0000000002fb5c78 method=java.lang.String.<init>([CII)V @ 18
Event: 5.433 Thread 0x000000001711e800 Uncommon trap: reason=unstable_if action=reinterpret pc=0x000000000343fe84 method=java.util.HashMap.resize()[Ljava/util/HashMap$Node; @ 206
Event: 5.837 Thread 0x0000000017125000 Uncommon trap: reason=unstable_if action=reinterpret pc=0x00000000034371d0 method=com.android.dx.rop.code.RegisterSpecSet.localItemToSpec(Lcom/android/dx/rop/code/LocalItem;)Lcom/android/dx/rop/code/RegisterSpec; @ 35
Event: 5.858 Thread 0x0000000017126000 Uncommon trap: reason=unstable_if action=reinterpret pc=0x000000000354aa58 method=java.util.HashMap.getNode(ILjava/lang/Object;)Ljava/util/HashMap$Node; @ 84
Event: 5.858 Thread 0x0000000017126000 Uncommon trap: reason=unstable_if action=reinterpret pc=0x00000000032fe158 method=java.util.HashMap.putVal(ILjava/lang/Object;Ljava/lang/Object;ZZ)Ljava/lang/Object; @ 109
Event: 6.119 Thread 0x0000000017126000 Uncommon trap: reason=bimorphic action=maybe_recompile pc=0x000000000352885c method=com.android.dx.cf.code.BytecodeArray.parseInstruction(ILcom/android/dx/cf/code/BytecodeArray$Visitor;)I @ 2554
Event: 6.120 Thread 0x0000000017126000 Uncommon trap: reason=bimorphic action=maybe_recompile pc=0x000000000352885c method=com.android.dx.cf.code.BytecodeArray.parseInstruction(ILcom/android/dx/cf/code/BytecodeArray$Visitor;)I @ 2554

Internal exceptions (5 events):
Event: 0.063 Thread 0x00000000029dd800 Exception <a 'java/lang/NoSuchMethodError': Method sun.misc.Unsafe.defineClass(Ljava/lang/String;[BII)Ljava/lang/Class; name or signature does not match> (0x00000000eab07ca8) thrown at [C:\re\workspace\8-2-build-windows-amd64-cygwin\jdk8u131\8869\hotspot\
Event: 0.063 Thread 0x00000000029dd800 Exception <a 'java/lang/NoSuchMethodError': Method sun.misc.Unsafe.prefetchRead(Ljava/lang/Object;J)V name or signature does not match> (0x00000000eab07f90) thrown at [C:\re\workspace\8-2-build-windows-amd64-cygwin\jdk8u131\8869\hotspot\src\share\vm\prims
Event: 5.071 Thread 0x0000000017125000 Exception <a 'java/lang/ArrayIndexOutOfBoundsException': 18> (0x00000000eda3c950) thrown at [C:\re\workspace\8-2-build-windows-amd64-cygwin\jdk8u131\8869\hotspot\src\share\vm\interpreter\interpreterRuntime.cpp, line 366]
Event: 5.072 Thread 0x0000000017125000 Exception <a 'java/lang/ArrayIndexOutOfBoundsException': 145> (0x00000000eda3e4d0) thrown at [C:\re\workspace\8-2-build-windows-amd64-cygwin\jdk8u131\8869\hotspot\src\share\vm\interpreter\interpreterRuntime.cpp, line 366]
Event: 5.072 Thread 0x0000000017125000 Exception <a 'java/lang/ArrayIndexOutOfBoundsException': 40> (0x00000000eda3f7b8) thrown at [C:\re\workspace\8-2-build-windows-amd64-cygwin\jdk8u131\8869\hotspot\src\share\vm\interpreter\interpreterRuntime.cpp, line 366]

Events (10 events):
Event: 5.895 loading class com/android/dx/cf/attrib/AttRuntimeInvisibleParameterAnnotations
Event: 5.895 loading class com/android/dx/cf/attrib/AttRuntimeInvisibleParameterAnnotations done
Event: 6.119 Thread 0x0000000017126000 Uncommon trap: trap_request=0xffffffc6 fr.pc=0x000000000352885c
Event: 6.119 Thread 0x0000000017126000 DEOPT PACKING pc=0x000000000352885c sp=0x00000000178be4c0
Event: 6.120 Thread 0x0000000017126000 DEOPT UNPACKING pc=0x0000000002de582a sp=0x00000000178be478 mode 2
Event: 6.120 Thread 0x0000000017126000 Uncommon trap: trap_request=0xffffffc6 fr.pc=0x000000000352885c
Event: 6.120 Thread 0x0000000017126000 DEOPT PACKING pc=0x000000000352885c sp=0x00000000178be320
Event: 6.120 Thread 0x0000000017126000 DEOPT UNPACKING pc=0x0000000002de582a sp=0x00000000178be2d8 mode 2
Event: 6.487 Executing VM operation: ParallelGCFailedAllocation
Event: 7.510 Executing VM operation: ParallelGCFailedAllocation done


Dynamic libraries:
0x00007ff650560000 - 0x00007ff650597000 	C:\Program Files\Java\jdk1.8.0_131\bin\java.exe
0x00007ff85f180000 - 0x00007ff85f351000 	C:\Windows\SYSTEM32\ntdll.dll
0x00007ff85d940000 - 0x00007ff85d9ec000 	C:\Windows\System32\KERNEL32.DLL
0x00007ff85b7d0000 - 0x00007ff85b9ed000 	C:\Windows\System32\KERNELBASE.dll
0x00007ff85c950000 - 0x00007ff85c9f2000 	C:\Windows\System32\ADVAPI32.dll
0x00007ff85d050000 - 0x00007ff85d0ee000 	C:\Windows\System32\msvcrt.dll
0x00007ff85f120000 - 0x00007ff85f179000 	C:\Windows\System32\sechost.dll
0x00007ff85da60000 - 0x00007ff85db81000 	C:\Windows\System32\RPCRT4.dll
0x00007ff85ce70000 - 0x00007ff85cfd5000 	C:\Windows\System32\USER32.dll
0x00007ff85c450000 - 0x00007ff85c46e000 	C:\Windows\System32\win32u.dll
0x00007ff85c770000 - 0x00007ff85c7a4000 	C:\Windows\System32\GDI32.dll
0x00007ff85c520000 - 0x00007ff85c6a0000 	C:\Windows\System32\gdi32full.dll
0x00007ff84e9c0000 - 0x00007ff84ec3a000 	C:\Windows\WinSxS\amd64_microsoft.windows.common-controls_6595b64144ccf1df_6.0.14393.953_none_42151e83c686086b\COMCTL32.dll
0x00007ff85d180000 - 0x00007ff85d448000 	C:\Windows\System32\combase.dll
0x00007ff85b6d0000 - 0x00007ff85b7c5000 	C:\Windows\System32\ucrtbase.dll
0x00007ff85c6a0000 - 0x00007ff85c70a000 	C:\Windows\System32\bcryptPrimitives.dll
0x00007ff85d0f0000 - 0x00007ff85d11e000 	C:\Windows\System32\IMM32.DLL
0x000000006da80000 - 0x000000006db52000 	C:\Program Files\Java\jdk1.8.0_131\jre\bin\msvcr100.dll
0x000000006d1e0000 - 0x000000006da7c000 	C:\Program Files\Java\jdk1.8.0_131\jre\bin\server\jvm.dll
0x00007ff85db90000 - 0x00007ff85db98000 	C:\Windows\System32\PSAPI.DLL
0x00007ff83b3f0000 - 0x00007ff83b3f9000 	C:\Windows\SYSTEM32\WSOCK32.dll
0x00007ff85d9f0000 - 0x00007ff85da5a000 	C:\Windows\System32\WS2_32.dll
0x00007ff859aa0000 - 0x00007ff859ac3000 	C:\Windows\SYSTEM32\WINMM.dll
0x00007ff8509a0000 - 0x00007ff8509aa000 	C:\Windows\SYSTEM32\VERSION.dll
0x00007ff8599d0000 - 0x00007ff8599fb000 	C:\Windows\SYSTEM32\WINMMBASE.dll
0x00007ff85b680000 - 0x00007ff85b6c2000 	C:\Windows\System32\cfgmgr32.dll
0x000000006ef00000 - 0x000000006ef0f000 	C:\Program Files\Java\jdk1.8.0_131\jre\bin\verify.dll
0x000000006eed0000 - 0x000000006eef9000 	C:\Program Files\Java\jdk1.8.0_131\jre\bin\java.dll
0x000000006eeb0000 - 0x000000006eec6000 	C:\Program Files\Java\jdk1.8.0_131\jre\bin\zip.dll
0x00007ff85dc10000 - 0x00007ff85f118000 	C:\Windows\System32\SHELL32.dll
0x00007ff85bd70000 - 0x00007ff85c44a000 	C:\Windows\System32\windows.storage.dll
0x00007ff85b600000 - 0x00007ff85b64c000 	C:\Windows\System32\powrprof.dll
0x00007ff85c710000 - 0x00007ff85c762000 	C:\Windows\System32\shlwapi.dll
0x00007ff85b670000 - 0x00007ff85b67f000 	C:\Windows\System32\kernel.appcore.dll
0x00007ff85bcc0000 - 0x00007ff85bd69000 	C:\Windows\System32\shcore.dll
0x00007ff85b650000 - 0x00007ff85b664000 	C:\Windows\System32\profapi.dll

VM Arguments:
jvm_args: -Djava.awt.headless=true -Xmx1024M -Dfile.encoding=windows-1252 -Duser.country=US -Duser.language=en -Duser.variant 
java_command: com.android.dx.command.Main --dex --num-threads=4 --output D:\Work\ChatAppWithFireBase\android\app\build\intermediates\pre-dexed\debug\com.facebook.react-react-native-0.45.1_6bb6523b9f3c3a671593b5f62e2093639b59615d.jar D:\Work\ChatAppWithFireBase\android\app\build\intermediates\exploded-aar\com.facebook.react\react-native\0.45.1\jars\classes.jar
java_class_path (initial): D:\AndroidSDK\sdk\build-tools\23.0.1\lib\dx.jar
Launcher Type: SUN_STANDARD

Environment Variables:
JAVA_HOME=C:\Program Files\Java\jdk1.8.0_131
CLASSPATH=D:\Work\ChatAppWithFireBase\android\\gradle\wrapper\gradle-wrapper.jar
PATH=C:\Program Files\Java\jdk1.8.0_131\bin;C:\ProgramData\Oracle\Java\javapath;C:\Windows\system32;C:\Windows;C:\Windows\System32\Wbem;C:\Windows\System32\WindowsPowerShell\v1.0\;C:\Program Files\Git\cmd;C:\Program Files\nodejs\;C:\Users\Microsoft Windows\AppData\Local\Microsoft\WindowsApps;C:\Users\Microsoft Windows\AppData\Local\atom\bin;C:\Users\Microsoft Windows\AppData\Roaming\npm
USERNAME=Microsoft Windows
OS=Windows_NT
PROCESSOR_IDENTIFIER=Intel64 Family 6 Model 60 Stepping 3, GenuineIntel



---------------  S Y S T E M  ---------------

OS: Windows 10.0 , 64 bit Build 14393 (10.0.14393.1198)

CPU:total 4 (initial active 4) (2 cores per cpu, 2 threads per core) family 6 model 60 stepping 3, cmov, cx8, fxsr, mmx, sse, sse2, sse3, ssse3, sse4.1, sse4.2, popcnt, avx, avx2, aes, clmul, erms, lzcnt, ht, tsc, tscinvbit, bmi1, bmi2

Memory: 4k page, physical 4072536k(360344k free), swap 9974484k(5428k free)

vm_info: Java HotSpot(TM) 64-Bit Server VM (25.131-b11) for windows-amd64 JRE (1.8.0_131-b11), built on Mar 15 2017 01:23:53 by "java_re" with MS VC++ 10.0 (VS2010)

time: Wed Jun 28 12:52:51 2017
elapsed time: 7 seconds (0d 0h 0m 7s)

